INFO:__main__:Using framework: os_ken
INFO:__main__:OpenFlow listen port: 6633
Traceback (most recent call last):
  File "/mnt/mpclient/launch_controller.py", line 85, in <module>
    main()
  File "/mnt/mpclient/launch_controller.py", line 68, in main
    app_mgr.load_app("ryu_controller")
  File "/usr/local/lib/python3.12/dist-packages/os_ken/base/app_manager.py", line 388, in load_app
    mod = utils.import_module(name)
          ^^^^^^^^^^^^^^^^^^^^^^^^^
  File "/usr/local/lib/python3.12/dist-packages/os_ken/utils.py", line 99, in import_module
    return importlib.import_module(modname)
           ^^^^^^^^^^^^^^^^^^^^^^^^^^^^^^^^
  File "/usr/lib/python3.12/importlib/__init__.py", line 90, in import_module
    return _bootstrap._gcd_import(name[level:], package, level)
           ^^^^^^^^^^^^^^^^^^^^^^^^^^^^^^^^^^^^^^^^^^^^^^^^^^^^
  File "<frozen importlib._bootstrap>", line 1387, in _gcd_import
  File "<frozen importlib._bootstrap>", line 1360, in _find_and_load
  File "<frozen importlib._bootstrap>", line 1331, in _find_and_load_unlocked
  File "<frozen importlib._bootstrap>", line 935, in _load_unlocked
  File "<frozen importlib._bootstrap_external>", line 995, in exec_module
  File "<frozen importlib._bootstrap>", line 488, in _call_with_frames_removed
  File "/mnt/mpclient/ryu_controller.py", line 73, in <module>
    class SimpleSDNMonitor(app_manager.RyuApp):
                           ^^^^^^^^^^^^^^^^^^
AttributeError: module 'os_ken.base.app_manager' has no attribute 'RyuApp'
